<?xml version="1.0" encoding="UTF-8"?>
<!-- Generated by org.testng.reporters.JUnitReportReporter -->
<testsuite skipped="0" hostname="DESKTOP-LGK0HOD" name="com.restAssured.testing.SimpleGetTest" tests="1" failures="0" timestamp="05 Mar 2019 16:25:19 GMT" time="7.633" errors="0">
  <testcase name="testSimpleGetRestAPI" time="7.633" classname="com.restAssured.testing.SimpleGetTest"/>
</testsuite> <!-- com.restAssured.testing.SimpleGetTest -->
