<?xml version="1.0" encoding="UTF-8"?>
<!-- Generated by org.testng.reporters.JUnitReportReporter -->
<testsuite skipped="0" hostname="DESKTOP-LGK0HOD" name="com.restAssured.testing.PostRestApiTesting" tests="1" failures="0" timestamp="08 Mar 2019 13:46:05 GMT" time="4.352" errors="0">
  <testcase name="Posttesting" time="4.352" classname="com.restAssured.testing.PostRestApiTesting"/>
</testsuite> <!-- com.restAssured.testing.PostRestApiTesting -->
